Analysis & Synthesis report for top
Wed Feb 21 20:55:31 2018
Quartus Prime Version 17.1.0 Build 590 10/25/2017 SJ Lite Edition


---------------------
; Table of Contents ;
---------------------
  1. Legal Notice
  2. Analysis & Synthesis Summary
  3. Analysis & Synthesis Settings
  4. Parallel Compilation
  5. Analysis & Synthesis Source Files Read
  6. Analysis & Synthesis Resource Usage Summary
  7. Analysis & Synthesis Resource Utilization by Entity
  8. State Machine - |top|Walking1_FSM:FSM|current_state
  9. General Register Statistics
 10. Inverted Register Statistics
 11. Port Connectivity Checks: "Dflipflop:D37"
 12. Port Connectivity Checks: "Dflipflop:D36"
 13. Port Connectivity Checks: "Dflipflop:D35"
 14. Port Connectivity Checks: "Dflipflop:D34"
 15. Port Connectivity Checks: "Dflipflop:D33"
 16. Port Connectivity Checks: "Dflipflop:D32"
 17. Port Connectivity Checks: "Dflipflop:D31"
 18. Port Connectivity Checks: "Dflipflop:D30"
 19. Port Connectivity Checks: "Dflipflop:D29"
 20. Port Connectivity Checks: "Dflipflop:D28"
 21. Port Connectivity Checks: "Dflipflop:D27"
 22. Port Connectivity Checks: "Dflipflop:D26"
 23. Port Connectivity Checks: "Dflipflop:D25"
 24. Port Connectivity Checks: "Dflipflop:D24"
 25. Port Connectivity Checks: "Dflipflop:D23"
 26. Port Connectivity Checks: "Dflipflop:D22"
 27. Port Connectivity Checks: "Dflipflop:D21"
 28. Port Connectivity Checks: "Dflipflop:D20"
 29. Port Connectivity Checks: "Dflipflop:D19"
 30. Port Connectivity Checks: "Dflipflop:D18"
 31. Port Connectivity Checks: "Dflipflop:D17"
 32. Port Connectivity Checks: "Dflipflop:D16"
 33. Port Connectivity Checks: "Dflipflop:D15"
 34. Port Connectivity Checks: "Dflipflop:D14"
 35. Port Connectivity Checks: "Dflipflop:D13"
 36. Port Connectivity Checks: "Dflipflop:D12"
 37. Port Connectivity Checks: "Dflipflop:D11"
 38. Port Connectivity Checks: "Dflipflop:D10"
 39. Port Connectivity Checks: "Dflipflop:D9"
 40. Port Connectivity Checks: "Dflipflop:D8"
 41. Port Connectivity Checks: "Dflipflop:D7"
 42. Port Connectivity Checks: "Dflipflop:D6"
 43. Port Connectivity Checks: "Dflipflop:D5"
 44. Port Connectivity Checks: "Dflipflop:D4"
 45. Port Connectivity Checks: "Dflipflop:D3"
 46. Port Connectivity Checks: "Dflipflop:D2"
 47. Port Connectivity Checks: "Dflipflop:D1"
 48. Port Connectivity Checks: "Dflipflop:D0"
 49. Post-Synthesis Netlist Statistics for Top Partition
 50. Elapsed Time Per Partition
 51. Analysis & Synthesis Messages



----------------
; Legal Notice ;
----------------
Copyright (C) 2017  Intel Corporation. All rights reserved.
Your use of Intel Corporation's design tools, logic functions 
and other software and tools, and its AMPP partner logic 
functions, and any output files from any of the foregoing 
(including device programming or simulation files), and any 
associated documentation or information are expressly subject 
to the terms and conditions of the Intel Program License 
Subscription Agreement, the Intel Quartus Prime License Agreement,
the Intel FPGA IP License Agreement, or other applicable license
agreement, including, without limitation, that your use is for
the sole purpose of programming logic devices manufactured by
Intel and sold by Intel or its authorized distributors.  Please
refer to the applicable agreement for further details.



+-------------------------------------------------------------------------------+
; Analysis & Synthesis Summary                                                  ;
+---------------------------------+---------------------------------------------+
; Analysis & Synthesis Status     ; Successful - Wed Feb 21 20:55:31 2018       ;
; Quartus Prime Version           ; 17.1.0 Build 590 10/25/2017 SJ Lite Edition ;
; Revision Name                   ; top                                         ;
; Top-level Entity Name           ; top                                         ;
; Family                          ; Cyclone V                                   ;
; Logic utilization (in ALMs)     ; N/A                                         ;
; Total registers                 ; 32                                          ;
; Total pins                      ; 68                                          ;
; Total virtual pins              ; 0                                           ;
; Total block memory bits         ; 0                                           ;
; Total DSP Blocks                ; 0                                           ;
; Total HSSI RX PCSs              ; 0                                           ;
; Total HSSI PMA RX Deserializers ; 0                                           ;
; Total HSSI TX PCSs              ; 0                                           ;
; Total HSSI PMA TX Serializers   ; 0                                           ;
; Total PLLs                      ; 0                                           ;
; Total DLLs                      ; 0                                           ;
+---------------------------------+---------------------------------------------+


+---------------------------------------------------------------------------------------------------------------------------+
; Analysis & Synthesis Settings                                                                                             ;
+---------------------------------------------------------------------------------+--------------------+--------------------+
; Option                                                                          ; Setting            ; Default Value      ;
+---------------------------------------------------------------------------------+--------------------+--------------------+
; Device                                                                          ; 5CEBA4F23C7        ;                    ;
; Top-level entity name                                                           ; top                ; top                ;
; Family name                                                                     ; Cyclone V          ; Cyclone V          ;
; Use smart compilation                                                           ; Off                ; Off                ;
; Enable parallel Assembler and TimeQuest Timing Analyzer during compilation      ; On                 ; On                 ;
; Enable compact report table                                                     ; Off                ; Off                ;
; Restructure Multiplexers                                                        ; Auto               ; Auto               ;
; MLAB Add Timing Constraints For Mixed-Port Feed-Through Mode Setting Don't Care ; Off                ; Off                ;
; Create Debugging Nodes for IP Cores                                             ; Off                ; Off                ;
; Preserve fewer node names                                                       ; On                 ; On                 ;
; Intel FPGA IP Evaluation Mode                                                   ; Enable             ; Enable             ;
; Verilog Version                                                                 ; Verilog_2001       ; Verilog_2001       ;
; VHDL Version                                                                    ; VHDL_1993          ; VHDL_1993          ;
; State Machine Processing                                                        ; Auto               ; Auto               ;
; Safe State Machine                                                              ; Off                ; Off                ;
; Extract Verilog State Machines                                                  ; On                 ; On                 ;
; Extract VHDL State Machines                                                     ; On                 ; On                 ;
; Ignore Verilog initial constructs                                               ; Off                ; Off                ;
; Iteration limit for constant Verilog loops                                      ; 5000               ; 5000               ;
; Iteration limit for non-constant Verilog loops                                  ; 250                ; 250                ;
; Add Pass-Through Logic to Inferred RAMs                                         ; On                 ; On                 ;
; Infer RAMs from Raw Logic                                                       ; On                 ; On                 ;
; Parallel Synthesis                                                              ; On                 ; On                 ;
; DSP Block Balancing                                                             ; Auto               ; Auto               ;
; NOT Gate Push-Back                                                              ; On                 ; On                 ;
; Power-Up Don't Care                                                             ; On                 ; On                 ;
; Remove Redundant Logic Cells                                                    ; Off                ; Off                ;
; Remove Duplicate Registers                                                      ; On                 ; On                 ;
; Ignore CARRY Buffers                                                            ; Off                ; Off                ;
; Ignore CASCADE Buffers                                                          ; Off                ; Off                ;
; Ignore GLOBAL Buffers                                                           ; Off                ; Off                ;
; Ignore ROW GLOBAL Buffers                                                       ; Off                ; Off                ;
; Ignore LCELL Buffers                                                            ; Off                ; Off                ;
; Ignore SOFT Buffers                                                             ; On                 ; On                 ;
; Limit AHDL Integers to 32 Bits                                                  ; Off                ; Off                ;
; Optimization Technique                                                          ; Balanced           ; Balanced           ;
; Carry Chain Length                                                              ; 70                 ; 70                 ;
; Auto Carry Chains                                                               ; On                 ; On                 ;
; Auto Open-Drain Pins                                                            ; On                 ; On                 ;
; Perform WYSIWYG Primitive Resynthesis                                           ; Off                ; Off                ;
; Auto ROM Replacement                                                            ; On                 ; On                 ;
; Auto RAM Replacement                                                            ; On                 ; On                 ;
; Auto DSP Block Replacement                                                      ; On                 ; On                 ;
; Auto Shift Register Replacement                                                 ; Auto               ; Auto               ;
; Allow Shift Register Merging across Hierarchies                                 ; Auto               ; Auto               ;
; Auto Clock Enable Replacement                                                   ; On                 ; On                 ;
; Strict RAM Replacement                                                          ; Off                ; Off                ;
; Allow Synchronous Control Signals                                               ; On                 ; On                 ;
; Force Use of Synchronous Clear Signals                                          ; Off                ; Off                ;
; Auto Resource Sharing                                                           ; Off                ; Off                ;
; Allow Any RAM Size For Recognition                                              ; Off                ; Off                ;
; Allow Any ROM Size For Recognition                                              ; Off                ; Off                ;
; Allow Any Shift Register Size For Recognition                                   ; Off                ; Off                ;
; Use LogicLock Constraints during Resource Balancing                             ; On                 ; On                 ;
; Ignore translate_off and synthesis_off directives                               ; Off                ; Off                ;
; Timing-Driven Synthesis                                                         ; On                 ; On                 ;
; Report Parameter Settings                                                       ; On                 ; On                 ;
; Report Source Assignments                                                       ; On                 ; On                 ;
; Report Connectivity Checks                                                      ; On                 ; On                 ;
; Ignore Maximum Fan-Out Assignments                                              ; Off                ; Off                ;
; Synchronization Register Chain Length                                           ; 3                  ; 3                  ;
; Power Optimization During Synthesis                                             ; Normal compilation ; Normal compilation ;
; HDL message level                                                               ; Level2             ; Level2             ;
; Suppress Register Optimization Related Messages                                 ; Off                ; Off                ;
; Number of Removed Registers Reported in Synthesis Report                        ; 5000               ; 5000               ;
; Number of Swept Nodes Reported in Synthesis Report                              ; 5000               ; 5000               ;
; Number of Inverted Registers Reported in Synthesis Report                       ; 100                ; 100                ;
; Clock MUX Protection                                                            ; On                 ; On                 ;
; Auto Gated Clock Conversion                                                     ; Off                ; Off                ;
; Block Design Naming                                                             ; Auto               ; Auto               ;
; SDC constraint protection                                                       ; Off                ; Off                ;
; Synthesis Effort                                                                ; Auto               ; Auto               ;
; Shift Register Replacement - Allow Asynchronous Clear Signal                    ; On                 ; On                 ;
; Pre-Mapping Resynthesis Optimization                                            ; Off                ; Off                ;
; Analysis & Synthesis Message Level                                              ; Medium             ; Medium             ;
; Disable Register Merging Across Hierarchies                                     ; Auto               ; Auto               ;
; Resource Aware Inference For Block RAM                                          ; On                 ; On                 ;
; Automatic Parallel Synthesis                                                    ; On                 ; On                 ;
; Partial Reconfiguration Bitstream ID                                            ; Off                ; Off                ;
+---------------------------------------------------------------------------------+--------------------+--------------------+


+------------------------------------------+
; Parallel Compilation                     ;
+----------------------------+-------------+
; Processors                 ; Number      ;
+----------------------------+-------------+
; Number detected on machine ; 4           ;
; Maximum allowed            ; 2           ;
;                            ;             ;
; Average used               ; 1.00        ;
; Maximum used               ; 2           ;
;                            ;             ;
; Usage by Processor         ; % Time Used ;
;     Processor 1            ; 100.0%      ;
;     Processor 2            ;   0.0%      ;
+----------------------------+-------------+


+--------------------------------------------------------------------------------------------------------------------------------------------------+
; Analysis & Synthesis Source Files Read                                                                                                           ;
+----------------------------------+-----------------+-----------------+-----------------------------------------------------------------+---------+
; File Name with User-Entered Path ; Used in Netlist ; File Type       ; File Name with Absolute Path                                    ; Library ;
+----------------------------------+-----------------+-----------------+-----------------------------------------------------------------+---------+
; top.vhd                          ; yes             ; User VHDL File  ; C:/Users/Brett Shelley/Desktop/circuits/Lab9.2/top.vhd          ;         ;
; dflipflop.vhd                    ; yes             ; User VHDL File  ; C:/Users/Brett Shelley/Desktop/circuits/Lab9.2/dflipflop.vhd    ;         ;
; Walking1_FSM.vhd                 ; yes             ; User VHDL File  ; C:/Users/Brett Shelley/Desktop/circuits/Lab9.2/Walking1_FSM.vhd ;         ;
+----------------------------------+-----------------+-----------------+-----------------------------------------------------------------+---------+


+-----------------------------------------------------------+
; Analysis & Synthesis Resource Usage Summary               ;
+---------------------------------------------+-------------+
; Resource                                    ; Usage       ;
+---------------------------------------------+-------------+
; Estimate of Logic utilization (ALMs needed) ; 16          ;
;                                             ;             ;
; Combinational ALUT usage for logic          ; 32          ;
;     -- 7 input functions                    ; 0           ;
;     -- 6 input functions                    ; 0           ;
;     -- 5 input functions                    ; 0           ;
;     -- 4 input functions                    ; 0           ;
;     -- <=3 input functions                  ; 32          ;
;                                             ;             ;
; Dedicated logic registers                   ; 32          ;
;                                             ;             ;
; I/O pins                                    ; 68          ;
;                                             ;             ;
; Total DSP Blocks                            ; 0           ;
;                                             ;             ;
; Maximum fan-out node                        ; Reset~input ;
; Maximum fan-out                             ; 32          ;
; Total fan-out                               ; 236         ;
; Average fan-out                             ; 1.18        ;
+---------------------------------------------+-------------+


+-------------------------------------------------------------------------------------------------------------------------------------------------------------------------------------------+
; Analysis & Synthesis Resource Utilization by Entity                                                                                                                                       ;
+----------------------------+---------------------+---------------------------+-------------------+------------+------+--------------+-----------------------+--------------+--------------+
; Compilation Hierarchy Node ; Combinational ALUTs ; Dedicated Logic Registers ; Block Memory Bits ; DSP Blocks ; Pins ; Virtual Pins ; Full Hierarchy Name   ; Entity Name  ; Library Name ;
+----------------------------+---------------------+---------------------------+-------------------+------------+------+--------------+-----------------------+--------------+--------------+
; |top                       ; 32 (0)              ; 32 (0)                    ; 0                 ; 0          ; 68   ; 0            ; |top                  ; top          ; work         ;
;    |Dflipflop:D0|          ; 1 (1)               ; 1 (1)                     ; 0                 ; 0          ; 0    ; 0            ; |top|Dflipflop:D0     ; Dflipflop    ; work         ;
;    |Dflipflop:D10|         ; 1 (1)               ; 1 (1)                     ; 0                 ; 0          ; 0    ; 0            ; |top|Dflipflop:D10    ; Dflipflop    ; work         ;
;    |Dflipflop:D11|         ; 1 (1)               ; 1 (1)                     ; 0                 ; 0          ; 0    ; 0            ; |top|Dflipflop:D11    ; Dflipflop    ; work         ;
;    |Dflipflop:D12|         ; 1 (1)               ; 1 (1)                     ; 0                 ; 0          ; 0    ; 0            ; |top|Dflipflop:D12    ; Dflipflop    ; work         ;
;    |Dflipflop:D13|         ; 1 (1)               ; 1 (1)                     ; 0                 ; 0          ; 0    ; 0            ; |top|Dflipflop:D13    ; Dflipflop    ; work         ;
;    |Dflipflop:D14|         ; 1 (1)               ; 1 (1)                     ; 0                 ; 0          ; 0    ; 0            ; |top|Dflipflop:D14    ; Dflipflop    ; work         ;
;    |Dflipflop:D15|         ; 1 (1)               ; 1 (1)                     ; 0                 ; 0          ; 0    ; 0            ; |top|Dflipflop:D15    ; Dflipflop    ; work         ;
;    |Dflipflop:D16|         ; 1 (1)               ; 1 (1)                     ; 0                 ; 0          ; 0    ; 0            ; |top|Dflipflop:D16    ; Dflipflop    ; work         ;
;    |Dflipflop:D17|         ; 1 (1)               ; 1 (1)                     ; 0                 ; 0          ; 0    ; 0            ; |top|Dflipflop:D17    ; Dflipflop    ; work         ;
;    |Dflipflop:D18|         ; 1 (1)               ; 1 (1)                     ; 0                 ; 0          ; 0    ; 0            ; |top|Dflipflop:D18    ; Dflipflop    ; work         ;
;    |Dflipflop:D19|         ; 1 (1)               ; 1 (1)                     ; 0                 ; 0          ; 0    ; 0            ; |top|Dflipflop:D19    ; Dflipflop    ; work         ;
;    |Dflipflop:D1|          ; 1 (1)               ; 1 (1)                     ; 0                 ; 0          ; 0    ; 0            ; |top|Dflipflop:D1     ; Dflipflop    ; work         ;
;    |Dflipflop:D20|         ; 1 (1)               ; 1 (1)                     ; 0                 ; 0          ; 0    ; 0            ; |top|Dflipflop:D20    ; Dflipflop    ; work         ;
;    |Dflipflop:D21|         ; 1 (1)               ; 1 (1)                     ; 0                 ; 0          ; 0    ; 0            ; |top|Dflipflop:D21    ; Dflipflop    ; work         ;
;    |Dflipflop:D2|          ; 1 (1)               ; 1 (1)                     ; 0                 ; 0          ; 0    ; 0            ; |top|Dflipflop:D2     ; Dflipflop    ; work         ;
;    |Dflipflop:D3|          ; 1 (1)               ; 1 (1)                     ; 0                 ; 0          ; 0    ; 0            ; |top|Dflipflop:D3     ; Dflipflop    ; work         ;
;    |Dflipflop:D4|          ; 1 (1)               ; 1 (1)                     ; 0                 ; 0          ; 0    ; 0            ; |top|Dflipflop:D4     ; Dflipflop    ; work         ;
;    |Dflipflop:D5|          ; 1 (1)               ; 1 (1)                     ; 0                 ; 0          ; 0    ; 0            ; |top|Dflipflop:D5     ; Dflipflop    ; work         ;
;    |Dflipflop:D6|          ; 1 (1)               ; 1 (1)                     ; 0                 ; 0          ; 0    ; 0            ; |top|Dflipflop:D6     ; Dflipflop    ; work         ;
;    |Dflipflop:D7|          ; 1 (1)               ; 1 (1)                     ; 0                 ; 0          ; 0    ; 0            ; |top|Dflipflop:D7     ; Dflipflop    ; work         ;
;    |Dflipflop:D8|          ; 1 (1)               ; 1 (1)                     ; 0                 ; 0          ; 0    ; 0            ; |top|Dflipflop:D8     ; Dflipflop    ; work         ;
;    |Dflipflop:D9|          ; 1 (1)               ; 1 (1)                     ; 0                 ; 0          ; 0    ; 0            ; |top|Dflipflop:D9     ; Dflipflop    ; work         ;
;    |Walking1_FSM:FSM|      ; 10 (10)             ; 10 (10)                   ; 0                 ; 0          ; 0    ; 0            ; |top|Walking1_FSM:FSM ; Walking1_FSM ; work         ;
+----------------------------+---------------------+---------------------------+-------------------+------------+------+--------------+-----------------------+--------------+--------------+
Note: For table entries with two numbers listed, the numbers in parentheses indicate the number of resources of the given type used by the specific entity alone. The numbers listed outside of parentheses indicate the total resources of the given type used by the specific entity and all of its sub-entities in the hierarchy.


Encoding Type:  One-Hot
+----------------------------------------------------------------------------------------------------------------------------------------------------------------------------------------------------------------+
; State Machine - |top|Walking1_FSM:FSM|current_state                                                                                                                                                            ;
+------------------+------------------+------------------+------------------+------------------+------------------+------------------+------------------+------------------+------------------+------------------+
; Name             ; current_state.L9 ; current_state.L8 ; current_state.L7 ; current_state.L6 ; current_state.L5 ; current_state.L4 ; current_state.L3 ; current_state.L2 ; current_state.L1 ; current_state.L0 ;
+------------------+------------------+------------------+------------------+------------------+------------------+------------------+------------------+------------------+------------------+------------------+
; current_state.L0 ; 0                ; 0                ; 0                ; 0                ; 0                ; 0                ; 0                ; 0                ; 0                ; 0                ;
; current_state.L1 ; 0                ; 0                ; 0                ; 0                ; 0                ; 0                ; 0                ; 0                ; 1                ; 1                ;
; current_state.L2 ; 0                ; 0                ; 0                ; 0                ; 0                ; 0                ; 0                ; 1                ; 0                ; 1                ;
; current_state.L3 ; 0                ; 0                ; 0                ; 0                ; 0                ; 0                ; 1                ; 0                ; 0                ; 1                ;
; current_state.L4 ; 0                ; 0                ; 0                ; 0                ; 0                ; 1                ; 0                ; 0                ; 0                ; 1                ;
; current_state.L5 ; 0                ; 0                ; 0                ; 0                ; 1                ; 0                ; 0                ; 0                ; 0                ; 1                ;
; current_state.L6 ; 0                ; 0                ; 0                ; 1                ; 0                ; 0                ; 0                ; 0                ; 0                ; 1                ;
; current_state.L7 ; 0                ; 0                ; 1                ; 0                ; 0                ; 0                ; 0                ; 0                ; 0                ; 1                ;
; current_state.L8 ; 0                ; 1                ; 0                ; 0                ; 0                ; 0                ; 0                ; 0                ; 0                ; 1                ;
; current_state.L9 ; 1                ; 0                ; 0                ; 0                ; 0                ; 0                ; 0                ; 0                ; 0                ; 1                ;
+------------------+------------------+------------------+------------------+------------------+------------------+------------------+------------------+------------------+------------------+------------------+


+------------------------------------------------------+
; General Register Statistics                          ;
+----------------------------------------------+-------+
; Statistic                                    ; Value ;
+----------------------------------------------+-------+
; Total registers                              ; 32    ;
; Number of registers using Synchronous Clear  ; 0     ;
; Number of registers using Synchronous Load   ; 0     ;
; Number of registers using Asynchronous Clear ; 32    ;
; Number of registers using Asynchronous Load  ; 0     ;
; Number of registers using Clock Enable       ; 0     ;
; Number of registers using Preset             ; 0     ;
+----------------------------------------------+-------+


+---------------------------------------------------+
; Inverted Register Statistics                      ;
+-----------------------------------------+---------+
; Inverted Register                       ; Fan out ;
+-----------------------------------------+---------+
; Dflipflop:D21|Qn                        ; 11      ;
; Dflipflop:D20|Qn                        ; 2       ;
; Dflipflop:D19|Qn                        ; 2       ;
; Dflipflop:D18|Qn                        ; 2       ;
; Dflipflop:D17|Qn                        ; 2       ;
; Dflipflop:D16|Qn                        ; 2       ;
; Dflipflop:D15|Qn                        ; 2       ;
; Dflipflop:D14|Qn                        ; 2       ;
; Dflipflop:D13|Qn                        ; 2       ;
; Dflipflop:D12|Qn                        ; 2       ;
; Dflipflop:D11|Qn                        ; 2       ;
; Dflipflop:D10|Qn                        ; 2       ;
; Dflipflop:D9|Qn                         ; 2       ;
; Dflipflop:D8|Qn                         ; 2       ;
; Dflipflop:D7|Qn                         ; 2       ;
; Dflipflop:D6|Qn                         ; 2       ;
; Dflipflop:D5|Qn                         ; 2       ;
; Dflipflop:D4|Qn                         ; 2       ;
; Dflipflop:D3|Qn                         ; 2       ;
; Dflipflop:D2|Qn                         ; 2       ;
; Dflipflop:D1|Qn                         ; 2       ;
; Dflipflop:D0|Qn                         ; 2       ;
; Total number of inverted registers = 22 ;         ;
+-----------------------------------------+---------+


+----------------------------------------------------------------------------------------------------------------+
; Port Connectivity Checks: "Dflipflop:D37"                                                                      ;
+------+--------+----------+-------------------------------------------------------------------------------------+
; Port ; Type   ; Severity ; Details                                                                             ;
+------+--------+----------+-------------------------------------------------------------------------------------+
; q    ; Output ; Info     ; Connected to dangling logic. Logic that only feeds a dangling port will be removed. ;
+------+--------+----------+-------------------------------------------------------------------------------------+


+----------------------------------------------------------------------------------------------------------------+
; Port Connectivity Checks: "Dflipflop:D36"                                                                      ;
+------+--------+----------+-------------------------------------------------------------------------------------+
; Port ; Type   ; Severity ; Details                                                                             ;
+------+--------+----------+-------------------------------------------------------------------------------------+
; q    ; Output ; Info     ; Connected to dangling logic. Logic that only feeds a dangling port will be removed. ;
+------+--------+----------+-------------------------------------------------------------------------------------+


+----------------------------------------------------------------------------------------------------------------+
; Port Connectivity Checks: "Dflipflop:D35"                                                                      ;
+------+--------+----------+-------------------------------------------------------------------------------------+
; Port ; Type   ; Severity ; Details                                                                             ;
+------+--------+----------+-------------------------------------------------------------------------------------+
; q    ; Output ; Info     ; Connected to dangling logic. Logic that only feeds a dangling port will be removed. ;
+------+--------+----------+-------------------------------------------------------------------------------------+


+----------------------------------------------------------------------------------------------------------------+
; Port Connectivity Checks: "Dflipflop:D34"                                                                      ;
+------+--------+----------+-------------------------------------------------------------------------------------+
; Port ; Type   ; Severity ; Details                                                                             ;
+------+--------+----------+-------------------------------------------------------------------------------------+
; q    ; Output ; Info     ; Connected to dangling logic. Logic that only feeds a dangling port will be removed. ;
+------+--------+----------+-------------------------------------------------------------------------------------+


+----------------------------------------------------------------------------------------------------------------+
; Port Connectivity Checks: "Dflipflop:D33"                                                                      ;
+------+--------+----------+-------------------------------------------------------------------------------------+
; Port ; Type   ; Severity ; Details                                                                             ;
+------+--------+----------+-------------------------------------------------------------------------------------+
; q    ; Output ; Info     ; Connected to dangling logic. Logic that only feeds a dangling port will be removed. ;
+------+--------+----------+-------------------------------------------------------------------------------------+


+----------------------------------------------------------------------------------------------------------------+
; Port Connectivity Checks: "Dflipflop:D32"                                                                      ;
+------+--------+----------+-------------------------------------------------------------------------------------+
; Port ; Type   ; Severity ; Details                                                                             ;
+------+--------+----------+-------------------------------------------------------------------------------------+
; q    ; Output ; Info     ; Connected to dangling logic. Logic that only feeds a dangling port will be removed. ;
+------+--------+----------+-------------------------------------------------------------------------------------+


+----------------------------------------------------------------------------------------------------------------+
; Port Connectivity Checks: "Dflipflop:D31"                                                                      ;
+------+--------+----------+-------------------------------------------------------------------------------------+
; Port ; Type   ; Severity ; Details                                                                             ;
+------+--------+----------+-------------------------------------------------------------------------------------+
; q    ; Output ; Info     ; Connected to dangling logic. Logic that only feeds a dangling port will be removed. ;
+------+--------+----------+-------------------------------------------------------------------------------------+


+----------------------------------------------------------------------------------------------------------------+
; Port Connectivity Checks: "Dflipflop:D30"                                                                      ;
+------+--------+----------+-------------------------------------------------------------------------------------+
; Port ; Type   ; Severity ; Details                                                                             ;
+------+--------+----------+-------------------------------------------------------------------------------------+
; q    ; Output ; Info     ; Connected to dangling logic. Logic that only feeds a dangling port will be removed. ;
+------+--------+----------+-------------------------------------------------------------------------------------+


+----------------------------------------------------------------------------------------------------------------+
; Port Connectivity Checks: "Dflipflop:D29"                                                                      ;
+------+--------+----------+-------------------------------------------------------------------------------------+
; Port ; Type   ; Severity ; Details                                                                             ;
+------+--------+----------+-------------------------------------------------------------------------------------+
; q    ; Output ; Info     ; Connected to dangling logic. Logic that only feeds a dangling port will be removed. ;
+------+--------+----------+-------------------------------------------------------------------------------------+


+----------------------------------------------------------------------------------------------------------------+
; Port Connectivity Checks: "Dflipflop:D28"                                                                      ;
+------+--------+----------+-------------------------------------------------------------------------------------+
; Port ; Type   ; Severity ; Details                                                                             ;
+------+--------+----------+-------------------------------------------------------------------------------------+
; q    ; Output ; Info     ; Connected to dangling logic. Logic that only feeds a dangling port will be removed. ;
+------+--------+----------+-------------------------------------------------------------------------------------+


+----------------------------------------------------------------------------------------------------------------+
; Port Connectivity Checks: "Dflipflop:D27"                                                                      ;
+------+--------+----------+-------------------------------------------------------------------------------------+
; Port ; Type   ; Severity ; Details                                                                             ;
+------+--------+----------+-------------------------------------------------------------------------------------+
; q    ; Output ; Info     ; Connected to dangling logic. Logic that only feeds a dangling port will be removed. ;
+------+--------+----------+-------------------------------------------------------------------------------------+


+----------------------------------------------------------------------------------------------------------------+
; Port Connectivity Checks: "Dflipflop:D26"                                                                      ;
+------+--------+----------+-------------------------------------------------------------------------------------+
; Port ; Type   ; Severity ; Details                                                                             ;
+------+--------+----------+-------------------------------------------------------------------------------------+
; q    ; Output ; Info     ; Connected to dangling logic. Logic that only feeds a dangling port will be removed. ;
+------+--------+----------+-------------------------------------------------------------------------------------+


+----------------------------------------------------------------------------------------------------------------+
; Port Connectivity Checks: "Dflipflop:D25"                                                                      ;
+------+--------+----------+-------------------------------------------------------------------------------------+
; Port ; Type   ; Severity ; Details                                                                             ;
+------+--------+----------+-------------------------------------------------------------------------------------+
; q    ; Output ; Info     ; Connected to dangling logic. Logic that only feeds a dangling port will be removed. ;
+------+--------+----------+-------------------------------------------------------------------------------------+


+----------------------------------------------------------------------------------------------------------------+
; Port Connectivity Checks: "Dflipflop:D24"                                                                      ;
+------+--------+----------+-------------------------------------------------------------------------------------+
; Port ; Type   ; Severity ; Details                                                                             ;
+------+--------+----------+-------------------------------------------------------------------------------------+
; q    ; Output ; Info     ; Connected to dangling logic. Logic that only feeds a dangling port will be removed. ;
+------+--------+----------+-------------------------------------------------------------------------------------+


+----------------------------------------------------------------------------------------------------------------+
; Port Connectivity Checks: "Dflipflop:D23"                                                                      ;
+------+--------+----------+-------------------------------------------------------------------------------------+
; Port ; Type   ; Severity ; Details                                                                             ;
+------+--------+----------+-------------------------------------------------------------------------------------+
; q    ; Output ; Info     ; Connected to dangling logic. Logic that only feeds a dangling port will be removed. ;
+------+--------+----------+-------------------------------------------------------------------------------------+


+----------------------------------------------------------------------------------------------------------------+
; Port Connectivity Checks: "Dflipflop:D22"                                                                      ;
+------+--------+----------+-------------------------------------------------------------------------------------+
; Port ; Type   ; Severity ; Details                                                                             ;
+------+--------+----------+-------------------------------------------------------------------------------------+
; q    ; Output ; Info     ; Connected to dangling logic. Logic that only feeds a dangling port will be removed. ;
+------+--------+----------+-------------------------------------------------------------------------------------+


+----------------------------------------------------------------------------------------------------------------+
; Port Connectivity Checks: "Dflipflop:D21"                                                                      ;
+------+--------+----------+-------------------------------------------------------------------------------------+
; Port ; Type   ; Severity ; Details                                                                             ;
+------+--------+----------+-------------------------------------------------------------------------------------+
; q    ; Output ; Info     ; Connected to dangling logic. Logic that only feeds a dangling port will be removed. ;
+------+--------+----------+-------------------------------------------------------------------------------------+


+----------------------------------------------------------------------------------------------------------------+
; Port Connectivity Checks: "Dflipflop:D20"                                                                      ;
+------+--------+----------+-------------------------------------------------------------------------------------+
; Port ; Type   ; Severity ; Details                                                                             ;
+------+--------+----------+-------------------------------------------------------------------------------------+
; q    ; Output ; Info     ; Connected to dangling logic. Logic that only feeds a dangling port will be removed. ;
+------+--------+----------+-------------------------------------------------------------------------------------+


+----------------------------------------------------------------------------------------------------------------+
; Port Connectivity Checks: "Dflipflop:D19"                                                                      ;
+------+--------+----------+-------------------------------------------------------------------------------------+
; Port ; Type   ; Severity ; Details                                                                             ;
+------+--------+----------+-------------------------------------------------------------------------------------+
; q    ; Output ; Info     ; Connected to dangling logic. Logic that only feeds a dangling port will be removed. ;
+------+--------+----------+-------------------------------------------------------------------------------------+


+----------------------------------------------------------------------------------------------------------------+
; Port Connectivity Checks: "Dflipflop:D18"                                                                      ;
+------+--------+----------+-------------------------------------------------------------------------------------+
; Port ; Type   ; Severity ; Details                                                                             ;
+------+--------+----------+-------------------------------------------------------------------------------------+
; q    ; Output ; Info     ; Connected to dangling logic. Logic that only feeds a dangling port will be removed. ;
+------+--------+----------+-------------------------------------------------------------------------------------+


+----------------------------------------------------------------------------------------------------------------+
; Port Connectivity Checks: "Dflipflop:D17"                                                                      ;
+------+--------+----------+-------------------------------------------------------------------------------------+
; Port ; Type   ; Severity ; Details                                                                             ;
+------+--------+----------+-------------------------------------------------------------------------------------+
; q    ; Output ; Info     ; Connected to dangling logic. Logic that only feeds a dangling port will be removed. ;
+------+--------+----------+-------------------------------------------------------------------------------------+


+----------------------------------------------------------------------------------------------------------------+
; Port Connectivity Checks: "Dflipflop:D16"                                                                      ;
+------+--------+----------+-------------------------------------------------------------------------------------+
; Port ; Type   ; Severity ; Details                                                                             ;
+------+--------+----------+-------------------------------------------------------------------------------------+
; q    ; Output ; Info     ; Connected to dangling logic. Logic that only feeds a dangling port will be removed. ;
+------+--------+----------+-------------------------------------------------------------------------------------+


+----------------------------------------------------------------------------------------------------------------+
; Port Connectivity Checks: "Dflipflop:D15"                                                                      ;
+------+--------+----------+-------------------------------------------------------------------------------------+
; Port ; Type   ; Severity ; Details                                                                             ;
+------+--------+----------+-------------------------------------------------------------------------------------+
; q    ; Output ; Info     ; Connected to dangling logic. Logic that only feeds a dangling port will be removed. ;
+------+--------+----------+-------------------------------------------------------------------------------------+


+----------------------------------------------------------------------------------------------------------------+
; Port Connectivity Checks: "Dflipflop:D14"                                                                      ;
+------+--------+----------+-------------------------------------------------------------------------------------+
; Port ; Type   ; Severity ; Details                                                                             ;
+------+--------+----------+-------------------------------------------------------------------------------------+
; q    ; Output ; Info     ; Connected to dangling logic. Logic that only feeds a dangling port will be removed. ;
+------+--------+----------+-------------------------------------------------------------------------------------+


+----------------------------------------------------------------------------------------------------------------+
; Port Connectivity Checks: "Dflipflop:D13"                                                                      ;
+------+--------+----------+-------------------------------------------------------------------------------------+
; Port ; Type   ; Severity ; Details                                                                             ;
+------+--------+----------+-------------------------------------------------------------------------------------+
; q    ; Output ; Info     ; Connected to dangling logic. Logic that only feeds a dangling port will be removed. ;
+------+--------+----------+-------------------------------------------------------------------------------------+


+----------------------------------------------------------------------------------------------------------------+
; Port Connectivity Checks: "Dflipflop:D12"                                                                      ;
+------+--------+----------+-------------------------------------------------------------------------------------+
; Port ; Type   ; Severity ; Details                                                                             ;
+------+--------+----------+-------------------------------------------------------------------------------------+
; q    ; Output ; Info     ; Connected to dangling logic. Logic that only feeds a dangling port will be removed. ;
+------+--------+----------+-------------------------------------------------------------------------------------+


+----------------------------------------------------------------------------------------------------------------+
; Port Connectivity Checks: "Dflipflop:D11"                                                                      ;
+------+--------+----------+-------------------------------------------------------------------------------------+
; Port ; Type   ; Severity ; Details                                                                             ;
+------+--------+----------+-------------------------------------------------------------------------------------+
; q    ; Output ; Info     ; Connected to dangling logic. Logic that only feeds a dangling port will be removed. ;
+------+--------+----------+-------------------------------------------------------------------------------------+


+----------------------------------------------------------------------------------------------------------------+
; Port Connectivity Checks: "Dflipflop:D10"                                                                      ;
+------+--------+----------+-------------------------------------------------------------------------------------+
; Port ; Type   ; Severity ; Details                                                                             ;
+------+--------+----------+-------------------------------------------------------------------------------------+
; q    ; Output ; Info     ; Connected to dangling logic. Logic that only feeds a dangling port will be removed. ;
+------+--------+----------+-------------------------------------------------------------------------------------+


+----------------------------------------------------------------------------------------------------------------+
; Port Connectivity Checks: "Dflipflop:D9"                                                                       ;
+------+--------+----------+-------------------------------------------------------------------------------------+
; Port ; Type   ; Severity ; Details                                                                             ;
+------+--------+----------+-------------------------------------------------------------------------------------+
; q    ; Output ; Info     ; Connected to dangling logic. Logic that only feeds a dangling port will be removed. ;
+------+--------+----------+-------------------------------------------------------------------------------------+


+----------------------------------------------------------------------------------------------------------------+
; Port Connectivity Checks: "Dflipflop:D8"                                                                       ;
+------+--------+----------+-------------------------------------------------------------------------------------+
; Port ; Type   ; Severity ; Details                                                                             ;
+------+--------+----------+-------------------------------------------------------------------------------------+
; q    ; Output ; Info     ; Connected to dangling logic. Logic that only feeds a dangling port will be removed. ;
+------+--------+----------+-------------------------------------------------------------------------------------+


+----------------------------------------------------------------------------------------------------------------+
; Port Connectivity Checks: "Dflipflop:D7"                                                                       ;
+------+--------+----------+-------------------------------------------------------------------------------------+
; Port ; Type   ; Severity ; Details                                                                             ;
+------+--------+----------+-------------------------------------------------------------------------------------+
; q    ; Output ; Info     ; Connected to dangling logic. Logic that only feeds a dangling port will be removed. ;
+------+--------+----------+-------------------------------------------------------------------------------------+


+----------------------------------------------------------------------------------------------------------------+
; Port Connectivity Checks: "Dflipflop:D6"                                                                       ;
+------+--------+----------+-------------------------------------------------------------------------------------+
; Port ; Type   ; Severity ; Details                                                                             ;
+------+--------+----------+-------------------------------------------------------------------------------------+
; q    ; Output ; Info     ; Connected to dangling logic. Logic that only feeds a dangling port will be removed. ;
+------+--------+----------+-------------------------------------------------------------------------------------+


+----------------------------------------------------------------------------------------------------------------+
; Port Connectivity Checks: "Dflipflop:D5"                                                                       ;
+------+--------+----------+-------------------------------------------------------------------------------------+
; Port ; Type   ; Severity ; Details                                                                             ;
+------+--------+----------+-------------------------------------------------------------------------------------+
; q    ; Output ; Info     ; Connected to dangling logic. Logic that only feeds a dangling port will be removed. ;
+------+--------+----------+-------------------------------------------------------------------------------------+


+----------------------------------------------------------------------------------------------------------------+
; Port Connectivity Checks: "Dflipflop:D4"                                                                       ;
+------+--------+----------+-------------------------------------------------------------------------------------+
; Port ; Type   ; Severity ; Details                                                                             ;
+------+--------+----------+-------------------------------------------------------------------------------------+
; q    ; Output ; Info     ; Connected to dangling logic. Logic that only feeds a dangling port will be removed. ;
+------+--------+----------+-------------------------------------------------------------------------------------+


+----------------------------------------------------------------------------------------------------------------+
; Port Connectivity Checks: "Dflipflop:D3"                                                                       ;
+------+--------+----------+-------------------------------------------------------------------------------------+
; Port ; Type   ; Severity ; Details                                                                             ;
+------+--------+----------+-------------------------------------------------------------------------------------+
; q    ; Output ; Info     ; Connected to dangling logic. Logic that only feeds a dangling port will be removed. ;
+------+--------+----------+-------------------------------------------------------------------------------------+


+----------------------------------------------------------------------------------------------------------------+
; Port Connectivity Checks: "Dflipflop:D2"                                                                       ;
+------+--------+----------+-------------------------------------------------------------------------------------+
; Port ; Type   ; Severity ; Details                                                                             ;
+------+--------+----------+-------------------------------------------------------------------------------------+
; q    ; Output ; Info     ; Connected to dangling logic. Logic that only feeds a dangling port will be removed. ;
+------+--------+----------+-------------------------------------------------------------------------------------+


+----------------------------------------------------------------------------------------------------------------+
; Port Connectivity Checks: "Dflipflop:D1"                                                                       ;
+------+--------+----------+-------------------------------------------------------------------------------------+
; Port ; Type   ; Severity ; Details                                                                             ;
+------+--------+----------+-------------------------------------------------------------------------------------+
; q    ; Output ; Info     ; Connected to dangling logic. Logic that only feeds a dangling port will be removed. ;
+------+--------+----------+-------------------------------------------------------------------------------------+


+----------------------------------------------------------------------------------------------------------------+
; Port Connectivity Checks: "Dflipflop:D0"                                                                       ;
+------+--------+----------+-------------------------------------------------------------------------------------+
; Port ; Type   ; Severity ; Details                                                                             ;
+------+--------+----------+-------------------------------------------------------------------------------------+
; q    ; Output ; Info     ; Connected to dangling logic. Logic that only feeds a dangling port will be removed. ;
+------+--------+----------+-------------------------------------------------------------------------------------+


+-----------------------------------------------------+
; Post-Synthesis Netlist Statistics for Top Partition ;
+-----------------------+-----------------------------+
; Type                  ; Count                       ;
+-----------------------+-----------------------------+
; arriav_ff             ; 32                          ;
;     CLR               ; 32                          ;
; arriav_lcell_comb     ; 34                          ;
;     normal            ; 34                          ;
;         0 data inputs ; 1                           ;
;         1 data inputs ; 23                          ;
;         3 data inputs ; 10                          ;
; boundary_port         ; 68                          ;
;                       ;                             ;
; Max LUT depth         ; 1.00                        ;
; Average LUT depth     ; 0.96                        ;
+-----------------------+-----------------------------+


+-------------------------------+
; Elapsed Time Per Partition    ;
+----------------+--------------+
; Partition Name ; Elapsed Time ;
+----------------+--------------+
; Top            ; 00:00:00     ;
+----------------+--------------+


+-------------------------------+
; Analysis & Synthesis Messages ;
+-------------------------------+
Info: *******************************************************************
Info: Running Quartus Prime Analysis & Synthesis
    Info: Version 17.1.0 Build 590 10/25/2017 SJ Lite Edition
    Info: Processing started: Wed Feb 21 20:55:16 2018
Info: Command: quartus_map --read_settings_files=on --write_settings_files=off Lab9_2 -c top
Warning (18236): Number of processors has not been specified which may cause overloading on shared machines.  Set the global assignment NUM_PARALLEL_PROCESSORS in your QSF to an appropriate value for best performance.
Info (20030): Parallel compilation is enabled and will use 2 of the 2 processors detected
Info (12021): Found 2 design units, including 1 entities, in source file top.vhd
    Info (12022): Found design unit 1: top-top_arch File: C:/Users/Brett Shelley/Desktop/circuits/Lab9.2/top.vhd Line: 18
    Info (12023): Found entity 1: top File: C:/Users/Brett Shelley/Desktop/circuits/Lab9.2/top.vhd Line: 4
Info (12021): Found 2 design units, including 1 entities, in source file char_decoder.vhd
    Info (12022): Found design unit 1: char_decoder-char_decoder_arch File: C:/Users/Brett Shelley/Desktop/circuits/Lab9.2/char_decoder.vhd Line: 9
    Info (12023): Found entity 1: char_decoder File: C:/Users/Brett Shelley/Desktop/circuits/Lab9.2/char_decoder.vhd Line: 4
Info (12021): Found 2 design units, including 1 entities, in source file dflipflop.vhd
    Info (12022): Found design unit 1: Dflipflop-Dflipflop_arch File: C:/Users/Brett Shelley/Desktop/circuits/Lab9.2/dflipflop.vhd Line: 9
    Info (12023): Found entity 1: Dflipflop File: C:/Users/Brett Shelley/Desktop/circuits/Lab9.2/dflipflop.vhd Line: 4
Info (12021): Found 2 design units, including 1 entities, in source file walking1_fsm.vhd
    Info (12022): Found design unit 1: Walking1_FSM-Walking1_FSM_arch File: C:/Users/Brett Shelley/Desktop/circuits/Lab9.2/Walking1_FSM.vhd Line: 10
    Info (12023): Found entity 1: Walking1_FSM File: C:/Users/Brett Shelley/Desktop/circuits/Lab9.2/Walking1_FSM.vhd Line: 4
Info (12127): Elaborating entity "top" for the top level hierarchy
Warning (10036): Verilog HDL or VHDL warning at top.vhd(35): object "CNT" assigned a value but never read File: C:/Users/Brett Shelley/Desktop/circuits/Lab9.2/top.vhd Line: 35
Info (12128): Elaborating entity "Dflipflop" for hierarchy "Dflipflop:D0" File: C:/Users/Brett Shelley/Desktop/circuits/Lab9.2/top.vhd Line: 43
Info (12128): Elaborating entity "Walking1_FSM" for hierarchy "Walking1_FSM:FSM" File: C:/Users/Brett Shelley/Desktop/circuits/Lab9.2/top.vhd Line: 98
Warning (13024): Output pins are stuck at VCC or GND
    Warning (13410): Pin "HEX0[0]" is stuck at VCC File: C:/Users/Brett Shelley/Desktop/circuits/Lab9.2/top.vhd Line: 9
    Warning (13410): Pin "HEX0[1]" is stuck at VCC File: C:/Users/Brett Shelley/Desktop/circuits/Lab9.2/top.vhd Line: 9
    Warning (13410): Pin "HEX0[2]" is stuck at VCC File: C:/Users/Brett Shelley/Desktop/circuits/Lab9.2/top.vhd Line: 9
    Warning (13410): Pin "HEX0[3]" is stuck at VCC File: C:/Users/Brett Shelley/Desktop/circuits/Lab9.2/top.vhd Line: 9
    Warning (13410): Pin "HEX0[4]" is stuck at VCC File: C:/Users/Brett Shelley/Desktop/circuits/Lab9.2/top.vhd Line: 9
    Warning (13410): Pin "HEX0[5]" is stuck at VCC File: C:/Users/Brett Shelley/Desktop/circuits/Lab9.2/top.vhd Line: 9
    Warning (13410): Pin "HEX0[6]" is stuck at VCC File: C:/Users/Brett Shelley/Desktop/circuits/Lab9.2/top.vhd Line: 9
    Warning (13410): Pin "HEX1[0]" is stuck at VCC File: C:/Users/Brett Shelley/Desktop/circuits/Lab9.2/top.vhd Line: 10
    Warning (13410): Pin "HEX1[1]" is stuck at VCC File: C:/Users/Brett Shelley/Desktop/circuits/Lab9.2/top.vhd Line: 10
    Warning (13410): Pin "HEX1[2]" is stuck at VCC File: C:/Users/Brett Shelley/Desktop/circuits/Lab9.2/top.vhd Line: 10
    Warning (13410): Pin "HEX1[3]" is stuck at VCC File: C:/Users/Brett Shelley/Desktop/circuits/Lab9.2/top.vhd Line: 10
    Warning (13410): Pin "HEX1[4]" is stuck at VCC File: C:/Users/Brett Shelley/Desktop/circuits/Lab9.2/top.vhd Line: 10
    Warning (13410): Pin "HEX1[5]" is stuck at VCC File: C:/Users/Brett Shelley/Desktop/circuits/Lab9.2/top.vhd Line: 10
    Warning (13410): Pin "HEX1[6]" is stuck at VCC File: C:/Users/Brett Shelley/Desktop/circuits/Lab9.2/top.vhd Line: 10
    Warning (13410): Pin "HEX2[0]" is stuck at VCC File: C:/Users/Brett Shelley/Desktop/circuits/Lab9.2/top.vhd Line: 11
    Warning (13410): Pin "HEX2[1]" is stuck at VCC File: C:/Users/Brett Shelley/Desktop/circuits/Lab9.2/top.vhd Line: 11
    Warning (13410): Pin "HEX2[2]" is stuck at VCC File: C:/Users/Brett Shelley/Desktop/circuits/Lab9.2/top.vhd Line: 11
    Warning (13410): Pin "HEX2[3]" is stuck at VCC File: C:/Users/Brett Shelley/Desktop/circuits/Lab9.2/top.vhd Line: 11
    Warning (13410): Pin "HEX2[4]" is stuck at VCC File: C:/Users/Brett Shelley/Desktop/circuits/Lab9.2/top.vhd Line: 11
    Warning (13410): Pin "HEX2[5]" is stuck at VCC File: C:/Users/Brett Shelley/Desktop/circuits/Lab9.2/top.vhd Line: 11
    Warning (13410): Pin "HEX2[6]" is stuck at VCC File: C:/Users/Brett Shelley/Desktop/circuits/Lab9.2/top.vhd Line: 11
    Warning (13410): Pin "HEX3[0]" is stuck at VCC File: C:/Users/Brett Shelley/Desktop/circuits/Lab9.2/top.vhd Line: 12
    Warning (13410): Pin "HEX3[1]" is stuck at VCC File: C:/Users/Brett Shelley/Desktop/circuits/Lab9.2/top.vhd Line: 12
    Warning (13410): Pin "HEX3[2]" is stuck at VCC File: C:/Users/Brett Shelley/Desktop/circuits/Lab9.2/top.vhd Line: 12
    Warning (13410): Pin "HEX3[3]" is stuck at VCC File: C:/Users/Brett Shelley/Desktop/circuits/Lab9.2/top.vhd Line: 12
    Warning (13410): Pin "HEX3[4]" is stuck at VCC File: C:/Users/Brett Shelley/Desktop/circuits/Lab9.2/top.vhd Line: 12
    Warning (13410): Pin "HEX3[5]" is stuck at VCC File: C:/Users/Brett Shelley/Desktop/circuits/Lab9.2/top.vhd Line: 12
    Warning (13410): Pin "HEX3[6]" is stuck at VCC File: C:/Users/Brett Shelley/Desktop/circuits/Lab9.2/top.vhd Line: 12
    Warning (13410): Pin "HEX4[0]" is stuck at VCC File: C:/Users/Brett Shelley/Desktop/circuits/Lab9.2/top.vhd Line: 13
    Warning (13410): Pin "HEX4[1]" is stuck at VCC File: C:/Users/Brett Shelley/Desktop/circuits/Lab9.2/top.vhd Line: 13
    Warning (13410): Pin "HEX4[2]" is stuck at VCC File: C:/Users/Brett Shelley/Desktop/circuits/Lab9.2/top.vhd Line: 13
    Warning (13410): Pin "HEX4[3]" is stuck at VCC File: C:/Users/Brett Shelley/Desktop/circuits/Lab9.2/top.vhd Line: 13
    Warning (13410): Pin "HEX4[4]" is stuck at VCC File: C:/Users/Brett Shelley/Desktop/circuits/Lab9.2/top.vhd Line: 13
    Warning (13410): Pin "HEX4[5]" is stuck at VCC File: C:/Users/Brett Shelley/Desktop/circuits/Lab9.2/top.vhd Line: 13
    Warning (13410): Pin "HEX4[6]" is stuck at VCC File: C:/Users/Brett Shelley/Desktop/circuits/Lab9.2/top.vhd Line: 13
    Warning (13410): Pin "HEX5[0]" is stuck at VCC File: C:/Users/Brett Shelley/Desktop/circuits/Lab9.2/top.vhd Line: 14
    Warning (13410): Pin "HEX5[1]" is stuck at VCC File: C:/Users/Brett Shelley/Desktop/circuits/Lab9.2/top.vhd Line: 14
    Warning (13410): Pin "HEX5[2]" is stuck at VCC File: C:/Users/Brett Shelley/Desktop/circuits/Lab9.2/top.vhd Line: 14
    Warning (13410): Pin "HEX5[3]" is stuck at VCC File: C:/Users/Brett Shelley/Desktop/circuits/Lab9.2/top.vhd Line: 14
    Warning (13410): Pin "HEX5[4]" is stuck at VCC File: C:/Users/Brett Shelley/Desktop/circuits/Lab9.2/top.vhd Line: 14
    Warning (13410): Pin "HEX5[5]" is stuck at VCC File: C:/Users/Brett Shelley/Desktop/circuits/Lab9.2/top.vhd Line: 14
    Warning (13410): Pin "HEX5[6]" is stuck at VCC File: C:/Users/Brett Shelley/Desktop/circuits/Lab9.2/top.vhd Line: 14
Info (286030): Timing-Driven Synthesis is running
Info (16010): Generating hard_block partition "hard_block:auto_generated_inst"
    Info (16011): Adding 0 node(s), including 0 DDIO, 0 PLL, 0 transceiver and 0 LCELL
Warning (21074): Design contains 3 input pin(s) that do not drive logic
    Warning (15610): No output dependent on input pin "SW[1]" File: C:/Users/Brett Shelley/Desktop/circuits/Lab9.2/top.vhd Line: 7
    Warning (15610): No output dependent on input pin "SW[2]" File: C:/Users/Brett Shelley/Desktop/circuits/Lab9.2/top.vhd Line: 7
    Warning (15610): No output dependent on input pin "SW[3]" File: C:/Users/Brett Shelley/Desktop/circuits/Lab9.2/top.vhd Line: 7
Info (21057): Implemented 100 device resources after synthesis - the final resource count might be different
    Info (21058): Implemented 6 input pins
    Info (21059): Implemented 62 output pins
    Info (21061): Implemented 32 logic cells
Info: Quartus Prime Analysis & Synthesis was successful. 0 errors, 49 warnings
    Info: Peak virtual memory: 781 megabytes
    Info: Processing ended: Wed Feb 21 20:55:31 2018
    Info: Elapsed time: 00:00:15
    Info: Total CPU time (on all processors): 00:00:29


